[18:12:18] [main/INFO] ========================================
[18:12:18] [main/INFO] Minecraft: 1.20.1
[18:12:18] [main/INFO] Side: server
[18:12:18] [main/INFO] Development: false
[18:12:18] [main/INFO] Version: 12.1.785
[18:12:18] [main/INFO] Loader:
[18:12:18] [main/INFO] - Fabric: 0.17.2
[18:12:18] [main/INFO] - Fabric API: 0.92.6+1.20.1
[18:12:18] [main/INFO] Dependencies:
[18:12:18] [main/INFO] - Cloth Config: 11.1.136
[18:12:18] [main/INFO] - Architectury: 9.2.14
[18:12:18] [main/INFO] Mixin: 0.8.7
[18:12:18] [main/INFO] OS: Linux 6.8.0-1030-azure (amd64)
[18:12:18] [main/INFO] Java: 17.0.16 (Ubuntu)
[18:12:18] [main/INFO] ========================================
[18:12:18] [main/INFO] Mods:
[18:12:18] [main/INFO] - ad_astra: 1.15.20
[18:12:18] [main/INFO] - appleskin: 2.5.1+mc1.20
[18:12:18] [main/INFO] - architectury: 9.2.14
[18:12:18] [main/INFO] - arsenal: 0.1.5-1.20.1
[18:12:18] [main/INFO] - betterdeserttemples: 1.20-Fabric-3.0.3
[18:12:18] [main/INFO] - betterdungeons: 1.20-Fabric-4.0.4
[18:12:18] [main/INFO] - betterendisland: 1.20-Fabric-2.0.6
[18:12:18] [main/INFO] - betterfortresses: 1.20-Fabric-2.0.6
[18:12:18] [main/INFO] - betterjungletemples: 1.20-Fabric-2.0.5
[18:12:18] [main/INFO] - bettermineshafts: 1.20-Fabric-4.0.4
[18:12:18] [main/INFO] - betteroceanmonuments: 1.20-Fabric-3.0.4
[18:12:18] [main/INFO] - betterstrongholds: 1.20-Fabric-4.0.3
[18:12:18] [main/INFO] - betterwitchhuts: 1.20-Fabric-3.0.3
[18:12:18] [main/INFO] - bosses_of_mass_destruction: 1.7.5-1.20.1
[18:12:18] [main/INFO] - botarium: 2.3.4
[18:12:18] [main/INFO] - cardinal-components: 5.2.3
[18:12:18] [main/INFO] - cardinal-components-base: 5.2.3
[18:12:18] [main/INFO] - cardinal-components-block: 5.2.3
[18:12:18] [main/INFO] - cardinal-components-chunk: 5.2.3
[18:12:18] [main/INFO] - cardinal-components-entity: 5.2.3
[18:12:18] [main/INFO] - cardinal-components-item: 5.2.3
[18:12:18] [main/INFO] - cardinal-components-level: 5.2.3
[18:12:18] [main/INFO] - cardinal-components-scoreboard: 5.2.3
[18:12:18] [main/INFO] - cardinal-components-world: 5.2.3
[18:12:18] [main/INFO] - cloth-basic-math: 0.6.1
[18:12:18] [main/INFO] - cloth-config: 11.1.136
[18:12:18] [main/INFO] - cloth-config: 11.1.136
[18:12:18] [main/INFO] - com_eliotlash_mclib_mclib: 20
[18:12:18] [main/INFO] - com_teamresourceful_bytecodecs: 1.0.2
[18:12:18] [main/INFO] - com_teamresourceful_yabn: 1.0.3
[18:12:18] [main/INFO] - datasync_minecraft: 0.6.1
[18:12:18] [main/INFO] - defile: 1.0.2-1.20.1
[18:12:18] [main/INFO] - entityculling: 1.8.2
[18:12:18] [main/INFO] - error_notifier: 1.0.9
[18:12:18] [main/INFO] - fabric-api: 0.92.6+1.20.1
[18:12:18] [main/INFO] - fabric-api: 0.92.6+1.20.1
[18:12:18] [main/INFO] - fabric-api-base: 0.4.32+1802ada577
[18:12:18] [main/INFO] - fabric-api-lookup-api-v1: 1.6.37+1802ada577
[18:12:18] [main/INFO] - fabric-biome-api-v1: 13.0.14+1802ada577
[18:12:18] [main/INFO] - fabric-block-api-v1: 1.0.12+1802ada577
[18:12:18] [main/INFO] - fabric-block-view-api-v2: 1.0.3+924f046a77
[18:12:18] [main/INFO] - fabric-command-api-v1: 1.2.35+f71b366f77
[18:12:18] [main/INFO] - fabric-command-api-v2: 2.2.14+1802ada577
[18:12:18] [main/INFO] - fabric-commands-v0: 0.2.52+df3654b377
[18:12:18] [main/INFO] - fabric-containers-v0: 0.1.67+df3654b377
[18:12:18] [main/INFO] - fabric-content-registries-v0: 4.0.13+1802ada577
[18:12:18] [main/INFO] - fabric-convention-tags-v1: 1.5.6+1802ada577
[18:12:18] [main/INFO] - fabric-crash-report-info-v1: 0.2.20+1802ada577
[18:12:18] [main/INFO] - fabric-data-attachment-api-v1: 1.0.2+de0fd6d177
[18:12:18] [main/INFO] - fabric-data-generation-api-v1: 12.3.7+1802ada577
[18:12:18] [main/INFO] - fabric-dimensions-v1: 2.1.55+1802ada577
[18:12:18] [main/INFO] - fabric-entity-events-v1: 1.6.1+1c78457f77
[18:12:18] [main/INFO] - fabric-events-interaction-v0: 0.6.5+13a40c6677
[18:12:18] [main/INFO] - fabric-events-lifecycle-v0: 0.2.64+df3654b377
[18:12:18] [main/INFO] - fabric-game-rule-api-v1: 1.0.41+1802ada577
[18:12:18] [main/INFO] - fabric-item-api-v1: 2.1.29+1802ada577
[18:12:18] [main/INFO] - fabric-item-group-api-v1: 4.0.14+1802ada577
[18:12:18] [main/INFO] - fabric-language-kotlin: 1.13.6+kotlin.2.2.20
[18:12:18] [main/INFO] - fabric-lifecycle-events-v1: 2.2.23+1802ada577
[18:12:18] [main/INFO] - fabric-loot-api-v2: 1.2.3+1802ada577
[18:12:18] [main/INFO] - fabric-loot-tables-v1: 1.1.47+9e7660c677
[18:12:18] [main/INFO] - fabric-message-api-v1: 5.1.10+1802ada577
[18:12:18] [main/INFO] - fabric-mining-level-api-v1: 2.1.52+1802ada577
[18:12:18] [main/INFO] - fabric-networking-api-v1: 1.3.14+a158aa0477
[18:12:18] [main/INFO] - fabric-networking-v0: 0.3.54+df3654b377
[18:12:18] [main/INFO] - fabric-object-builder-api-v1: 11.1.5+e35120df77
[18:12:18] [main/INFO] - fabric-particles-v1: 1.1.3+1802ada577
[18:12:18] [main/INFO] - fabric-recipe-api-v1: 1.0.24+1802ada577
[18:12:18] [main/INFO] - fabric-registry-sync-v0: 2.3.6+1802ada577
[18:12:18] [main/INFO] - fabric-rendering-data-attachment-v1: 0.3.39+92a0d36777
[18:12:18] [main/INFO] - fabric-rendering-fluids-v1: 3.0.29+1802ada577
[18:12:18] [main/INFO] - fabric-resource-conditions-api-v1: 2.3.9+1802ada577
[18:12:18] [main/INFO] - fabric-resource-loader-v0: 0.11.12+fb82e9d777
[18:12:18] [main/INFO] - fabric-screen-handler-api-v1: 1.3.33+1802ada577
[18:12:18] [main/INFO] - fabric-transfer-api-v1: 3.3.6+8dd72ea377
[18:12:18] [main/INFO] - fabric-transitive-access-wideners-v1: 4.3.2+1802ada577
[18:12:18] [main/INFO] - fabricloader: 0.17.2
[18:12:18] [main/INFO] - ferritecore: 6.0.1
[18:12:18] [main/INFO] - geckolib: 4.7.4
[18:12:18] [main/INFO] - java: 17
[18:12:18] [main/INFO] - javazoom_jlayer: 1.0.1
[18:12:18] [main/INFO] - maelstrom_library: 1.6.1-1.20
[18:12:18] [main/INFO] - minecraft: 1.20.1
[18:12:18] [main/INFO] - mixinextras: 0.5.0
[18:12:18] [main/INFO] - multipart_entities: 1.5-1.20
[18:12:18] [main/INFO] - naturescompass: 1.20.1-2.2.3-fabric
[18:12:18] [main/INFO] - notenoughcrashes: 4.4.9+1.20.1
[18:12:18] [main/INFO] - org_javassist_javassist: 3.29.2-GA
[18:12:18] [main/INFO] - org_jetbrains_kotlin_kotlin-reflect: 2.2.20
[18:12:18] [main/INFO] - org_jetbrains_kotlin_kotlin-stdlib: 2.2.20
[18:12:18] [main/INFO] - org_jetbrains_kotlin_kotlin-stdlib-jdk7: 2.2.20
[18:12:18] [main/INFO] - org_jetbrains_kotlin_kotlin-stdlib-jdk8: 2.2.20
[18:12:18] [main/INFO] - org_jetbrains_kotlinx_atomicfu-jvm: 0.29.0
[18:12:18] [main/INFO] - org_jetbrains_kotlinx_kotlinx-coroutines-core-jvm: 1.10.2
[18:12:18] [main/INFO] - org_jetbrains_kotlinx_kotlinx-coroutines-jdk8: 1.10.2
[18:12:18] [main/INFO] - org_jetbrains_kotlinx_kotlinx-datetime-jvm: 0.7.1
[18:12:18] [main/INFO] - org_jetbrains_kotlinx_kotlinx-io-bytestring-jvm: 0.8.0
[18:12:18] [main/INFO] - org_jetbrains_kotlinx_kotlinx-io-core-jvm: 0.8.0
[18:12:18] [main/INFO] - org_jetbrains_kotlinx_kotlinx-serialization-cbor-jvm: 1.9.0
[18:12:18] [main/INFO] - org_jetbrains_kotlinx_kotlinx-serialization-core-jvm: 1.9.0
[18:12:18] [main/INFO] - org_jetbrains_kotlinx_kotlinx-serialization-json-jvm: 1.9.0
[18:12:18] [main/INFO] - org_reflections_reflections: 0.10.2
[18:12:18] [main/INFO] - planetsplus: BV1.7.5
[18:12:18] [main/INFO] - ratatouille: 1.0.9-1.20.1
[18:12:18] [main/INFO] - reach-entity-attributes: 2.4.0
[18:12:18] [main/INFO] - resourcefulconfig: 2.1.3
[18:12:18] [main/INFO] - resourcefullib: 2.1.29
[18:12:18] [main/INFO] - roughlyenoughitems: 12.1.785
[18:12:18] [main/INFO] - sound_physics_remastered: 1.20.1-1.5.0
[18:12:18] [main/INFO] - step-height-entity-attribute: 1.2.0
[18:12:18] [main/INFO] - team_reborn_energy: 3.0.0
[18:12:18] [main/INFO] - transition: 1.0.3
[18:12:18] [main/INFO] - trender: 1.0.5
[18:12:18] [main/INFO] - xaerominimap: 25.2.10
[18:12:18] [main/INFO] - xaeroworldmap: 1.39.12
[18:12:18] [main/INFO] - yungsapi: 1.20-Fabric-4.0.6
[18:12:18] [main/INFO] ========================================
[18:12:18] [main/INFO] [REI] Registered plugin provider DefaultPlugin [roughlyenoughitems] for REIPlugin
[18:12:18] [main/INFO] [REI] Registered plugin provider DefaultRuntimePlugin [roughlyenoughitems] for REIPlugin
[18:12:18] [main/INFO] [REI] Registered plugin provider DefaultPlugin [roughlyenoughitems] for REIServerPlugin
[18:12:18] [main/INFO] [REI] Registered plugin provider DefaultRuntimePlugin [roughlyenoughitems] for REIServerPlugin
[18:12:18] [main/INFO] [REI] Registered plugin provider FabricFluidAPISupportPlugin for REIServerPlugin
[18:12:18] [main/INFO] [REI] Registered plugin provider FabricFluidAPISupportPlugin for REIPlugin
[18:12:20] [Worker-Main-2/DEBUG] [REI] Processed 2 tags in 517.6 μs for minecraft:cat_variant
[18:12:20] [Worker-Main-1/DEBUG] [REI] Processed 23 tags in 197.2 μs for minecraft:entity_type
[18:12:20] [Worker-Main-2/DEBUG] [REI] Processed 5 tags in 30.26 μs for minecraft:enchantment
[18:12:20] [Worker-Main-1/DEBUG] [REI] Processed 3 tags in 28.05 μs for minecraft:point_of_interest_type
[18:12:20] [Worker-Main-2/DEBUG] [REI] Processed 3 tags in 22.30 μs for minecraft:instrument
[18:12:20] [Worker-Main-2/DEBUG] [REI] Processed 7 tags in 64.37 μs for minecraft:banner_pattern
[18:12:20] [Worker-Main-2/DEBUG] [REI] Processed 0 tags in 26.62 μs for minecraft:worldgen/structure
[18:12:20] [Worker-Main-2/DEBUG] [REI] Processed 25 tags in 90.57 μs for minecraft:fluid
[18:12:20] [Worker-Main-2/DEBUG] [REI] Processed 0 tags in 4.800 μs for minecraft:worldgen/flat_level_generator_preset
[18:12:20] [Worker-Main-3/DEBUG] [REI] Processed 0 tags in 86.18 μs for minecraft:worldgen/biome
[18:12:20] [Worker-Main-2/DEBUG] [REI] Processed 2 tags in 50.91 μs for minecraft:painting_variant
[18:12:20] [Worker-Main-2/DEBUG] [REI] Processed 0 tags in 16.58 μs for minecraft:damage_type
[18:12:20] [Worker-Main-2/DEBUG] [REI] Processed 0 tags in 5.821 μs for minecraft:worldgen/structure_set
[18:12:20] [Worker-Main-2/DEBUG] [REI] Processed 0 tags in 5.941 μs for minecraft:worldgen/world_preset
[18:12:20] [Worker-Main-2/DEBUG] [REI] Processed 5 tags in 119.0 μs for minecraft:game_event
[18:12:20] [Worker-Main-1/DEBUG] [REI] Processed 292 tags in 2.961 ms for minecraft:item
[18:12:20] [Worker-Main-3/DEBUG] [REI] Processed 274 tags in 2.157 ms for minecraft:block
[18:12:20] [main/DEBUG] [REI] Starting Reload Plugins of stage null
java.lang.Throwable
	at knot//me.shedaniel.rei.impl.common.plugins.ReloadManagerImpl.reloadPlugins(ReloadManagerImpl.java:110)
	at knot//me.shedaniel.rei.RoughlyEnoughItemsCore.lambda$onInitialize$5(RoughlyEnoughItemsCore.java:163)
	at java.base/java.util.concurrent.CompletableFuture$UniRun.tryFire(CompletableFuture.java:787)
	at java.base/java.util.concurrent.CompletableFuture$Completion.run(CompletableFuture.java:482)
	at knot//net.minecraft.class_4014.method_18365(class_4014.java:69)
	at knot//net.minecraft.class_156.method_43498(class_156.java:950)
	at knot//net.minecraft.class_156.method_43499(class_156.java:938)
	at knot//net.minecraft.server.Main.main(Main.java:160)
	at net.fabricmc.loader.impl.game.minecraft.MinecraftGameProvider.launch(MinecraftGameProvider.java:506)
	at net.fabricmc.loader.impl.launch.knot.Knot.launch(Knot.java:72)
	at net.fabricmc.loader.impl.launch.knot.KnotServer.main(KnotServer.java:23)
	at net.fabricmc.loader.impl.launch.server.FabricServerLauncher.main(FabricServerLauncher.java:69)
	at net.fabricmc.installer.ServerLauncher.main(ServerLauncher.java:69)
[18:12:20] [main/DEBUG] [REI] ========================================
[18:12:20] [main/DEBUG] [REI] REIPlugin starting pre-reload for START.
[18:12:20] [main/DEBUG] [REI] Reloadables (7):
[18:12:20] [main/DEBUG] [REI]  - EntryTypeRegistryImpl
[18:12:20] [main/DEBUG] [REI]  - EntrySettingsAdapterRegistryImpl
[18:12:20] [main/DEBUG] [REI]  - RecipeManagerContextImpl
[18:12:20] [main/DEBUG] [REI]  - ItemComparatorRegistryImpl
[18:12:20] [main/DEBUG] [REI]  - FluidComparatorRegistryImpl
[18:12:20] [main/DEBUG] [REI]  - DisplaySerializerRegistryImpl
[18:12:20] [main/DEBUG] [REI]  - FluidSupportProviderImpl
[18:12:20] [main/DEBUG] [REI] Plugins (3):
[18:12:20] [main/DEBUG] [REI]  - (-100.00) DefaultPlugin of DefaultPlugin [roughlyenoughitems]
[18:12:20] [main/DEBUG] [REI]  - (0.00) FabricFluidAPISupportPlugin
[18:12:20] [main/DEBUG] [REI]  - (0.00) DefaultRuntimePlugin of DefaultRuntimePlugin [roughlyenoughitems]
[18:12:20] [main/DEBUG] [REI] ========================================
[18:12:20] [main/TRACE] [REI] [REIPlugin START] Reloading Section: "pre-register/"
[18:12:20] [main/TRACE] [REI] [REIPlugin START] Reloading Section: "pre-register/DefaultPlugin of DefaultPlugin [roughlyenoughitems]/"
[18:12:20] [main/TRACE] [REI] [REIPlugin START] Reloading Section: "pre-register/DefaultPlugin of DefaultPlugin [roughlyenoughitems]/" done in 1.135 ms
[18:12:20] [main/TRACE] [REI] [REIPlugin START] Reloading Section: "pre-register/FabricFluidAPISupportPlugin/"
[18:12:20] [main/TRACE] [REI] [REIPlugin START] Reloading Section: "pre-register/FabricFluidAPISupportPlugin/" done in 81.51 μs
[18:12:20] [main/TRACE] [REI] [REIPlugin START] Reloading Section: "pre-register/DefaultRuntimePlugin of DefaultRuntimePlugin [roughlyenoughitems]/"
[18:12:20] [main/TRACE] [REI] [REIPlugin START] Reloading Section: "pre-register/DefaultRuntimePlugin of DefaultRuntimePlugin [roughlyenoughitems]/" done in 63.49 μs
[18:12:20] [main/TRACE] [REI] [REIPlugin START] Reloading Section: "pre-register/" done in 11.69 ms
[18:12:20] [main/TRACE] [REI] [REIPlugin START] Reloading Section: "pre-stage/"
[18:12:20] [main/TRACE] [REI] [REIPlugin START] Reloading Section: "pre-stage/EntryTypeRegistryImpl/"
[18:12:20] [main/TRACE] [REI] [REIPlugin START] Reloading Section: "pre-stage/EntryTypeRegistryImpl/" done in 234.1 μs
[18:12:20] [main/TRACE] [REI] [REIPlugin START] Reloading Section: "pre-stage/EntrySettingsAdapterRegistryImpl/"
[18:12:20] [main/TRACE] [REI] [REIPlugin START] Reloading Section: "pre-stage/EntrySettingsAdapterRegistryImpl/" done in 62.86 μs
[18:12:20] [main/TRACE] [REI] [REIPlugin START] Reloading Section: "pre-stage/RecipeManagerContextImpl/"
[18:12:20] [main/TRACE] [REI] [REIPlugin START] Reloading Section: "pre-stage/RecipeManagerContextImpl/" done in 58.15 μs
[18:12:20] [main/TRACE] [REI] [REIPlugin START] Reloading Section: "pre-stage/ItemComparatorRegistryImpl/"
[18:12:20] [main/TRACE] [REI] [REIPlugin START] Reloading Section: "pre-stage/ItemComparatorRegistryImpl/" done in 62.51 μs
[18:12:20] [main/TRACE] [REI] [REIPlugin START] Reloading Section: "pre-stage/FluidComparatorRegistryImpl/"
[18:12:20] [main/TRACE] [REI] [REIPlugin START] Reloading Section: "pre-stage/FluidComparatorRegistryImpl/" done in 71.78 μs
[18:12:20] [main/TRACE] [REI] [REIPlugin START] Reloading Section: "pre-stage/DisplaySerializerRegistryImpl/"
[18:12:20] [main/TRACE] [REI] [REIPlugin START] Reloading Section: "pre-stage/DisplaySerializerRegistryImpl/" done in 73.26 μs
[18:12:20] [main/TRACE] [REI] [REIPlugin START] Reloading Section: "pre-stage/FluidSupportProviderImpl/"
[18:12:20] [main/TRACE] [REI] [REIPlugin START] Reloading Section: "pre-stage/FluidSupportProviderImpl/" done in 92.42 μs
[18:12:20] [main/TRACE] [REI] [REIPlugin START] Reloading Section: "pre-stage/" done in 1.900 ms
[18:12:20] [main/DEBUG] [REI] ========================================
[18:12:20] [main/DEBUG] [REI] REIPlugin finished pre-reload for START in 14.14 ms.
[18:12:20] [main/DEBUG] [REI] ========================================
[18:12:20] [main/DEBUG] [REI] ========================================
[18:12:20] [main/DEBUG] [REI] REIServerPlugin starting pre-reload for START.
[18:12:20] [main/DEBUG] [REI] Reloadables (2):
[18:12:20] [main/DEBUG] [REI]  - MenuInfoRegistryImpl
[18:12:20] [main/DEBUG] [REI]  - SlotAccessorRegistryImpl
[18:12:20] [main/DEBUG] [REI] Plugins (3):
[18:12:20] [main/DEBUG] [REI]  - (-100.00) DefaultPlugin of DefaultPlugin [roughlyenoughitems]
[18:12:20] [main/DEBUG] [REI]  - (0.00) FabricFluidAPISupportPlugin
[18:12:20] [main/DEBUG] [REI]  - (0.00) DefaultRuntimePlugin of DefaultRuntimePlugin [roughlyenoughitems]
[18:12:20] [main/DEBUG] [REI] ========================================
[18:12:20] [main/TRACE] [REI] [REIServerPlugin START] Reloading Section: "pre-register/"
[18:12:20] [main/TRACE] [REI] [REIServerPlugin START] Reloading Section: "pre-register/DefaultPlugin of DefaultPlugin [roughlyenoughitems]/"
[18:12:20] [main/TRACE] [REI] [REIServerPlugin START] Reloading Section: "pre-register/DefaultPlugin of DefaultPlugin [roughlyenoughitems]/" done in 65.40 μs
[18:12:20] [main/TRACE] [REI] [REIServerPlugin START] Reloading Section: "pre-register/FabricFluidAPISupportPlugin/"
[18:12:20] [main/TRACE] [REI] [REIServerPlugin START] Reloading Section: "pre-register/FabricFluidAPISupportPlugin/" done in 80.63 μs
[18:12:20] [main/TRACE] [REI] [REIServerPlugin START] Reloading Section: "pre-register/DefaultRuntimePlugin of DefaultRuntimePlugin [roughlyenoughitems]/"
[18:12:20] [main/TRACE] [REI] [REIServerPlugin START] Reloading Section: "pre-register/DefaultRuntimePlugin of DefaultRuntimePlugin [roughlyenoughitems]/" done in 83.12 μs
[18:12:20] [main/TRACE] [REI] [REIServerPlugin START] Reloading Section: "pre-register/" done in 845.4 μs
[18:12:20] [main/TRACE] [REI] [REIServerPlugin START] Reloading Section: "pre-stage/"
[18:12:20] [main/TRACE] [REI] [REIServerPlugin START] Reloading Section: "pre-stage/MenuInfoRegistryImpl/"
[18:12:20] [main/TRACE] [REI] [REIServerPlugin START] Reloading Section: "pre-stage/MenuInfoRegistryImpl/" done in 64.10 μs
[18:12:20] [main/TRACE] [REI] [REIServerPlugin START] Reloading Section: "pre-stage/SlotAccessorRegistryImpl/"
[18:12:20] [main/TRACE] [REI] [REIServerPlugin START] Reloading Section: "pre-stage/SlotAccessorRegistryImpl/" done in 61.90 μs
[18:12:20] [main/TRACE] [REI] [REIServerPlugin START] Reloading Section: "pre-stage/" done in 514.7 μs
[18:12:20] [main/DEBUG] [REI] ========================================
[18:12:20] [main/DEBUG] [REI] REIServerPlugin finished pre-reload for START in 1.674 ms.
[18:12:20] [main/DEBUG] [REI] ========================================
[18:12:20] [main/INFO] [REI] ========================================
[18:12:20] [main/INFO] [REI] REIPlugin starting main-reload for START.
[18:12:20] [main/DEBUG] [REI] Reloadables (7):
[18:12:20] [main/DEBUG] [REI]  - EntryTypeRegistryImpl
[18:12:20] [main/DEBUG] [REI]  - EntrySettingsAdapterRegistryImpl
[18:12:20] [main/DEBUG] [REI]  - RecipeManagerContextImpl
[18:12:20] [main/DEBUG] [REI]  - ItemComparatorRegistryImpl
[18:12:20] [main/DEBUG] [REI]  - FluidComparatorRegistryImpl
[18:12:20] [main/DEBUG] [REI]  - DisplaySerializerRegistryImpl
[18:12:20] [main/DEBUG] [REI]  - FluidSupportProviderImpl
[18:12:20] [main/INFO] [REI] Plugins (3):
[18:12:20] [main/INFO] [REI]  - (-100.00) DefaultPlugin of DefaultPlugin [roughlyenoughitems]
[18:12:20] [main/INFO] [REI]  - (0.00) FabricFluidAPISupportPlugin
[18:12:20] [main/INFO] [REI]  - (0.00) DefaultRuntimePlugin of DefaultRuntimePlugin [roughlyenoughitems]
[18:12:20] [main/INFO] [REI] ========================================
[18:12:20] [main/TRACE] [REI] [REIPlugin START] Reloading Section: "start-reload/"
[18:12:20] [main/TRACE] [REI] [REIPlugin START] Reloading Section: "start-reload/EntryTypeRegistryImpl/"
[18:12:20] [main/TRACE] [REI] [REIPlugin START] Reloading Section: "start-reload/EntryTypeRegistryImpl/" done in 109.8 μs
[18:12:20] [main/TRACE] [REI] [REIPlugin START] Reloading Section: "start-reload/EntrySettingsAdapterRegistryImpl/"
[18:12:20] [main/TRACE] [REI] [REIPlugin START] Reloading Section: "start-reload/EntrySettingsAdapterRegistryImpl/" done in 49.29 μs
[18:12:20] [main/TRACE] [REI] [REIPlugin START] Reloading Section: "start-reload/RecipeManagerContextImpl/"
[18:12:20] [main/TRACE] [REI] [REIPlugin START] Reloading Section: "start-reload/RecipeManagerContextImpl/" done in 54.93 μs
[18:12:20] [main/TRACE] [REI] [REIPlugin START] Reloading Section: "start-reload/ItemComparatorRegistryImpl/"
[18:12:20] [main/TRACE] [REI] [REIPlugin START] Reloading Section: "start-reload/ItemComparatorRegistryImpl/" done in 68.68 μs
[18:12:20] [main/TRACE] [REI] [REIPlugin START] Reloading Section: "start-reload/FluidComparatorRegistryImpl/"
[18:12:20] [main/TRACE] [REI] [REIPlugin START] Reloading Section: "start-reload/FluidComparatorRegistryImpl/" done in 45.02 μs
[18:12:20] [main/TRACE] [REI] [REIPlugin START] Reloading Section: "start-reload/DisplaySerializerRegistryImpl/"
[18:12:20] [main/TRACE] [REI] [REIPlugin START] Reloading Section: "start-reload/DisplaySerializerRegistryImpl/" done in 129.3 μs
[18:12:20] [main/TRACE] [REI] [REIPlugin START] Reloading Section: "start-reload/FluidSupportProviderImpl/"
[18:12:20] [main/TRACE] [REI] [REIPlugin START] Reloading Section: "start-reload/FluidSupportProviderImpl/" done in 63.53 μs
[18:12:20] [main/TRACE] [REI] [REIPlugin START] Reloading Section: "start-reload/" done in 1.706 ms
[18:12:20] [main/DEBUG] [REI] ========================================
[18:12:20] [main/DEBUG] [REI] REIPlugin started main-reload for START.
[18:12:20] [main/DEBUG] [REI] ========================================
[18:12:20] [main/TRACE] [REI] [REIPlugin START] Reloading Section: "reloadable-plugin/EntryTypeRegistryImpl/"
[18:12:20] [main/TRACE] [REI] [REIPlugin START] Reloading Section: "reloadable-plugin/EntryTypeRegistryImpl/DefaultPlugin of DefaultPlugin [roughlyenoughitems]/"
[18:12:20] [main/TRACE] [REI] [REIPlugin START] Reloading Section: "reloadable-plugin/EntryTypeRegistryImpl/DefaultPlugin of DefaultPlugin [roughlyenoughitems]/" done in 388.5 μs
[18:12:20] [main/TRACE] [REI] [REIPlugin START] Reloading Section: "reloadable-plugin/EntryTypeRegistryImpl/FabricFluidAPISupportPlugin/"
[18:12:20] [main/TRACE] [REI] [REIPlugin START] Reloading Section: "reloadable-plugin/EntryTypeRegistryImpl/FabricFluidAPISupportPlugin/" done in 54.50 μs
[18:12:20] [main/TRACE] [REI] [REIPlugin START] Reloading Section: "reloadable-plugin/EntryTypeRegistryImpl/DefaultRuntimePlugin of DefaultRuntimePlugin [roughlyenoughitems]/"
[18:12:20] [main/TRACE] [REI] [REIPlugin START] Reloading Section: "reloadable-plugin/EntryTypeRegistryImpl/DefaultRuntimePlugin of DefaultRuntimePlugin [roughlyenoughitems]/" done in 8.832 ms
[18:12:20] [main/TRACE] [REI] [REIPlugin START] Reloading Section: "reloadable-plugin/EntryTypeRegistryImpl/" done in 10.71 ms
[18:12:20] [main/TRACE] [REI] [REIPlugin START] Reloading Section: "reloadable-plugin/EntrySettingsAdapterRegistryImpl/"
[18:12:20] [main/TRACE] [REI] [REIPlugin START] Reloading Section: "reloadable-plugin/EntrySettingsAdapterRegistryImpl/DefaultPlugin of DefaultPlugin [roughlyenoughitems]/"
[18:12:20] [main/TRACE] [REI] [REIPlugin START] Reloading Section: "reloadable-plugin/EntrySettingsAdapterRegistryImpl/DefaultPlugin of DefaultPlugin [roughlyenoughitems]/" done in 53.26 μs
[18:12:20] [main/TRACE] [REI] [REIPlugin START] Reloading Section: "reloadable-plugin/EntrySettingsAdapterRegistryImpl/FabricFluidAPISupportPlugin/"
[18:12:20] [main/TRACE] [REI] [REIPlugin START] Reloading Section: "reloadable-plugin/EntrySettingsAdapterRegistryImpl/FabricFluidAPISupportPlugin/" done in 63.06 μs
[18:12:20] [main/TRACE] [REI] [REIPlugin START] Reloading Section: "reloadable-plugin/EntrySettingsAdapterRegistryImpl/DefaultRuntimePlugin of DefaultRuntimePlugin [roughlyenoughitems]/"
[18:12:20] [main/TRACE] [REI] [REIPlugin START] Reloading Section: "reloadable-plugin/EntrySettingsAdapterRegistryImpl/DefaultRuntimePlugin of DefaultRuntimePlugin [roughlyenoughitems]/" done in 45.48 μs
[18:12:20] [main/TRACE] [REI] [REIPlugin START] Reloading Section: "reloadable-plugin/EntrySettingsAdapterRegistryImpl/" done in 642.0 μs
[18:12:20] [main/TRACE] [REI] [REIPlugin START] Reloading Section: "reloadable-plugin/RecipeManagerContextImpl/"
[18:12:20] [main/TRACE] [REI] [REIPlugin START] Reloading Section: "reloadable-plugin/RecipeManagerContextImpl/DefaultPlugin of DefaultPlugin [roughlyenoughitems]/"
[18:12:20] [main/TRACE] [REI] [REIPlugin START] Reloading Section: "reloadable-plugin/RecipeManagerContextImpl/DefaultPlugin of DefaultPlugin [roughlyenoughitems]/" done in 35.79 μs
[18:12:20] [main/TRACE] [REI] [REIPlugin START] Reloading Section: "reloadable-plugin/RecipeManagerContextImpl/FabricFluidAPISupportPlugin/"
[18:12:20] [main/TRACE] [REI] [REIPlugin START] Reloading Section: "reloadable-plugin/RecipeManagerContextImpl/FabricFluidAPISupportPlugin/" done in 40.57 μs
[18:12:20] [main/TRACE] [REI] [REIPlugin START] Reloading Section: "reloadable-plugin/RecipeManagerContextImpl/DefaultRuntimePlugin of DefaultRuntimePlugin [roughlyenoughitems]/"
[18:12:20] [main/TRACE] [REI] [REIPlugin START] Reloading Section: "reloadable-plugin/RecipeManagerContextImpl/DefaultRuntimePlugin of DefaultRuntimePlugin [roughlyenoughitems]/" done in 52.44 μs
[18:12:20] [main/TRACE] [REI] [REIPlugin START] Reloading Section: "reloadable-plugin/RecipeManagerContextImpl/" done in 532.5 μs
[18:12:20] [main/TRACE] [REI] [REIPlugin START] Reloading Section: "reloadable-plugin/ItemComparatorRegistryImpl/"
[18:12:20] [main/TRACE] [REI] [REIPlugin START] Reloading Section: "reloadable-plugin/ItemComparatorRegistryImpl/DefaultPlugin of DefaultPlugin [roughlyenoughitems]/"
[18:12:20] [main/TRACE] [REI] [REIPlugin START] Reloading Section: "reloadable-plugin/ItemComparatorRegistryImpl/DefaultPlugin of DefaultPlugin [roughlyenoughitems]/" done in 1.491 ms
[18:12:20] [main/TRACE] [REI] [REIPlugin START] Reloading Section: "reloadable-plugin/ItemComparatorRegistryImpl/FabricFluidAPISupportPlugin/"
[18:12:20] [main/TRACE] [REI] [REIPlugin START] Reloading Section: "reloadable-plugin/ItemComparatorRegistryImpl/FabricFluidAPISupportPlugin/" done in 43.12 μs
[18:12:20] [main/TRACE] [REI] [REIPlugin START] Reloading Section: "reloadable-plugin/ItemComparatorRegistryImpl/DefaultRuntimePlugin of DefaultRuntimePlugin [roughlyenoughitems]/"
[18:12:20] [main/TRACE] [REI] [REIPlugin START] Reloading Section: "reloadable-plugin/ItemComparatorRegistryImpl/DefaultRuntimePlugin of DefaultRuntimePlugin [roughlyenoughitems]/" done in 42.83 μs
[18:12:20] [main/TRACE] [REI] [REIPlugin START] Reloading Section: "reloadable-plugin/ItemComparatorRegistryImpl/" done in 2.018 ms
[18:12:20] [main/TRACE] [REI] [REIPlugin START] Reloading Section: "reloadable-plugin/FluidComparatorRegistryImpl/"
[18:12:20] [main/TRACE] [REI] [REIPlugin START] Reloading Section: "reloadable-plugin/FluidComparatorRegistryImpl/DefaultPlugin of DefaultPlugin [roughlyenoughitems]/"
[18:12:20] [main/TRACE] [REI] [REIPlugin START] Reloading Section: "reloadable-plugin/FluidComparatorRegistryImpl/DefaultPlugin of DefaultPlugin [roughlyenoughitems]/" done in 70.02 μs
[18:12:20] [main/TRACE] [REI] [REIPlugin START] Reloading Section: "reloadable-plugin/FluidComparatorRegistryImpl/FabricFluidAPISupportPlugin/"
[18:12:20] [main/TRACE] [REI] [REIPlugin START] Reloading Section: "reloadable-plugin/FluidComparatorRegistryImpl/FabricFluidAPISupportPlugin/" done in 43.29 μs
[18:12:20] [main/TRACE] [REI] [REIPlugin START] Reloading Section: "reloadable-plugin/FluidComparatorRegistryImpl/DefaultRuntimePlugin of DefaultRuntimePlugin [roughlyenoughitems]/"
[18:12:20] [main/TRACE] [REI] [REIPlugin START] Reloading Section: "reloadable-plugin/FluidComparatorRegistryImpl/DefaultRuntimePlugin of DefaultRuntimePlugin [roughlyenoughitems]/" done in 38.56 μs
[18:12:20] [main/TRACE] [REI] [REIPlugin START] Reloading Section: "reloadable-plugin/FluidComparatorRegistryImpl/" done in 539.4 μs
[18:12:20] [main/TRACE] [REI] [REIPlugin START] Reloading Section: "reloadable-plugin/DisplaySerializerRegistryImpl/"
[18:12:20] [main/TRACE] [REI] [REIPlugin START] Reloading Section: "reloadable-plugin/DisplaySerializerRegistryImpl/DefaultPlugin of DefaultPlugin [roughlyenoughitems]/"
[18:12:20] [main/TRACE] [REI] [REIPlugin START] Reloading Section: "reloadable-plugin/DisplaySerializerRegistryImpl/DefaultPlugin of DefaultPlugin [roughlyenoughitems]/" done in 42.58 μs
[18:12:20] [main/TRACE] [REI] [REIPlugin START] Reloading Section: "reloadable-plugin/DisplaySerializerRegistryImpl/FabricFluidAPISupportPlugin/"
[18:12:20] [main/TRACE] [REI] [REIPlugin START] Reloading Section: "reloadable-plugin/DisplaySerializerRegistryImpl/FabricFluidAPISupportPlugin/" done in 45.61 μs
[18:12:20] [main/TRACE] [REI] [REIPlugin START] Reloading Section: "reloadable-plugin/DisplaySerializerRegistryImpl/DefaultRuntimePlugin of DefaultRuntimePlugin [roughlyenoughitems]/"
[18:12:20] [main/TRACE] [REI] [REIPlugin START] Reloading Section: "reloadable-plugin/DisplaySerializerRegistryImpl/DefaultRuntimePlugin of DefaultRuntimePlugin [roughlyenoughitems]/" done in 44.78 μs
[18:12:20] [main/TRACE] [REI] [REIPlugin START] Reloading Section: "reloadable-plugin/DisplaySerializerRegistryImpl/" done in 628.1 μs
[18:12:20] [main/TRACE] [REI] [REIPlugin START] Reloading Section: "reloadable-plugin/FluidSupportProviderImpl/"
[18:12:20] [main/TRACE] [REI] [REIPlugin START] Reloading Section: "reloadable-plugin/FluidSupportProviderImpl/DefaultPlugin of DefaultPlugin [roughlyenoughitems]/"
[18:12:20] [main/TRACE] [REI] [REIPlugin START] Reloading Section: "reloadable-plugin/FluidSupportProviderImpl/DefaultPlugin of DefaultPlugin [roughlyenoughitems]/" done in 524.9 μs
[18:12:20] [main/TRACE] [REI] [REIPlugin START] Reloading Section: "reloadable-plugin/FluidSupportProviderImpl/FabricFluidAPISupportPlugin/"
[18:12:20] [main/TRACE] [REI] [REIPlugin START] Reloading Section: "reloadable-plugin/FluidSupportProviderImpl/FabricFluidAPISupportPlugin/" done in 197.8 μs
[18:12:20] [main/TRACE] [REI] [REIPlugin START] Reloading Section: "reloadable-plugin/FluidSupportProviderImpl/DefaultRuntimePlugin of DefaultRuntimePlugin [roughlyenoughitems]/"
[18:12:20] [main/TRACE] [REI] [REIPlugin START] Reloading Section: "reloadable-plugin/FluidSupportProviderImpl/DefaultRuntimePlugin of DefaultRuntimePlugin [roughlyenoughitems]/" done in 61.46 μs
[18:12:20] [main/TRACE] [REI] [REIPlugin START] Reloading Section: "reloadable-plugin/FluidSupportProviderImpl/" done in 1.244 ms
[18:12:20] [main/DEBUG] [REI] ========================================
[18:12:20] [main/DEBUG] [REI] REIPlugin ending main-reload for START.
[18:12:20] [main/DEBUG] [REI] ========================================
[18:12:20] [main/TRACE] [REI] [REIPlugin START] Reloading Section: "end-reload/"
[18:12:20] [main/TRACE] [REI] [REIPlugin START] Reloading Section: "end-reload/EntryTypeRegistryImpl/"
[18:12:20] [main/TRACE] [REI] [REIPlugin START] Reloading Section: "end-reload/EntryTypeRegistryImpl/" done in 46.79 μs
[18:12:20] [main/TRACE] [REI] [REIPlugin START] Reloading Section: "end-reload/EntrySettingsAdapterRegistryImpl/"
[18:12:20] [main/TRACE] [REI] [REIPlugin START] Reloading Section: "end-reload/EntrySettingsAdapterRegistryImpl/" done in 37.49 μs
[18:12:20] [main/TRACE] [REI] [REIPlugin START] Reloading Section: "end-reload/RecipeManagerContextImpl/"
[18:12:20] [main/TRACE] [REI] [REIPlugin START] Reloading Section: "end-reload/RecipeManagerContextImpl/" done in 29.44 μs
[18:12:20] [main/TRACE] [REI] [REIPlugin START] Reloading Section: "end-reload/ItemComparatorRegistryImpl/"
[18:12:20] [main/TRACE] [REI] [REIPlugin START] Reloading Section: "end-reload/ItemComparatorRegistryImpl/" done in 27.05 μs
[18:12:20] [main/TRACE] [REI] [REIPlugin START] Reloading Section: "end-reload/FluidComparatorRegistryImpl/"
[18:12:20] [main/TRACE] [REI] [REIPlugin START] Reloading Section: "end-reload/FluidComparatorRegistryImpl/" done in 28.71 μs
[18:12:20] [main/TRACE] [REI] [REIPlugin START] Reloading Section: "end-reload/DisplaySerializerRegistryImpl/"
[18:12:20] [main/TRACE] [REI] [REIPlugin START] Reloading Section: "end-reload/DisplaySerializerRegistryImpl/" done in 27.11 μs
[18:12:20] [main/TRACE] [REI] [REIPlugin START] Reloading Section: "end-reload/FluidSupportProviderImpl/"
[18:12:20] [main/TRACE] [REI] [REIPlugin START] Reloading Section: "end-reload/FluidSupportProviderImpl/" done in 27.76 μs
[18:12:20] [main/TRACE] [REI] [REIPlugin START] Reloading Section: "end-reload/" done in 921.6 μs
[18:12:20] [main/DEBUG] [REI] ========================================
[18:12:20] [main/DEBUG] [REI] REIPlugin ended main-reload for START in 22.79 ms.
[18:12:20] [main/DEBUG] [REI] ========================================
[18:12:20] [main/INFO] [REI] ----------------------------------------
[18:12:20] [main/INFO] [REI] REIServerPlugin starting main-reload for START.
[18:12:20] [main/DEBUG] [REI] Reloadables (2):
[18:12:20] [main/DEBUG] [REI]  - MenuInfoRegistryImpl
[18:12:20] [main/DEBUG] [REI]  - SlotAccessorRegistryImpl
[18:12:20] [main/INFO] [REI] Plugins (3):
[18:12:20] [main/INFO] [REI]  - (-100.00) DefaultPlugin of DefaultPlugin [roughlyenoughitems]
[18:12:20] [main/INFO] [REI]  - (0.00) FabricFluidAPISupportPlugin
[18:12:20] [main/INFO] [REI]  - (0.00) DefaultRuntimePlugin of DefaultRuntimePlugin [roughlyenoughitems]
[18:12:20] [main/INFO] [REI] ----------------------------------------
[18:12:20] [main/TRACE] [REI] [REIServerPlugin START] Reloading Section: "start-reload/"
[18:12:20] [main/TRACE] [REI] [REIServerPlugin START] Reloading Section: "start-reload/MenuInfoRegistryImpl/"
[18:12:20] [main/TRACE] [REI] [REIServerPlugin START] Reloading Section: "start-reload/MenuInfoRegistryImpl/" done in 34.62 μs
[18:12:20] [main/TRACE] [REI] [REIServerPlugin START] Reloading Section: "start-reload/SlotAccessorRegistryImpl/"
[18:12:20] [main/TRACE] [REI] [REIServerPlugin START] Reloading Section: "start-reload/SlotAccessorRegistryImpl/" done in 37.91 μs
[18:12:20] [main/TRACE] [REI] [REIServerPlugin START] Reloading Section: "start-reload/" done in 314.0 μs
[18:12:20] [main/DEBUG] [REI] ========================================
[18:12:20] [main/DEBUG] [REI] REIServerPlugin started main-reload for START.
[18:12:20] [main/DEBUG] [REI] ========================================
[18:12:20] [main/TRACE] [REI] [REIServerPlugin START] Reloading Section: "reloadable-plugin/MenuInfoRegistryImpl/"
[18:12:20] [main/TRACE] [REI] [REIServerPlugin START] Reloading Section: "reloadable-plugin/MenuInfoRegistryImpl/DefaultPlugin of DefaultPlugin [roughlyenoughitems]/"
[18:12:20] [main/TRACE] [REI] [REIServerPlugin START] Reloading Section: "reloadable-plugin/MenuInfoRegistryImpl/DefaultPlugin of DefaultPlugin [roughlyenoughitems]/" done in 40.91 μs
[18:12:20] [main/TRACE] [REI] [REIServerPlugin START] Reloading Section: "reloadable-plugin/MenuInfoRegistryImpl/FabricFluidAPISupportPlugin/"
[18:12:20] [main/TRACE] [REI] [REIServerPlugin START] Reloading Section: "reloadable-plugin/MenuInfoRegistryImpl/FabricFluidAPISupportPlugin/" done in 55.09 μs
[18:12:20] [main/TRACE] [REI] [REIServerPlugin START] Reloading Section: "reloadable-plugin/MenuInfoRegistryImpl/DefaultRuntimePlugin of DefaultRuntimePlugin [roughlyenoughitems]/"
[18:12:20] [main/TRACE] [REI] [REIServerPlugin START] Reloading Section: "reloadable-plugin/MenuInfoRegistryImpl/DefaultRuntimePlugin of DefaultRuntimePlugin [roughlyenoughitems]/" done in 42.38 μs
[18:12:20] [main/TRACE] [REI] [REIServerPlugin START] Reloading Section: "reloadable-plugin/MenuInfoRegistryImpl/" done in 588.9 μs
[18:12:20] [main/TRACE] [REI] [REIServerPlugin START] Reloading Section: "reloadable-plugin/SlotAccessorRegistryImpl/"
[18:12:20] [main/TRACE] [REI] [REIServerPlugin START] Reloading Section: "reloadable-plugin/SlotAccessorRegistryImpl/DefaultPlugin of DefaultPlugin [roughlyenoughitems]/"
[18:12:20] [main/TRACE] [REI] [REIServerPlugin START] Reloading Section: "reloadable-plugin/SlotAccessorRegistryImpl/DefaultPlugin of DefaultPlugin [roughlyenoughitems]/" done in 61.83 μs
[18:12:20] [main/TRACE] [REI] [REIServerPlugin START] Reloading Section: "reloadable-plugin/SlotAccessorRegistryImpl/FabricFluidAPISupportPlugin/"
[18:12:20] [main/TRACE] [REI] [REIServerPlugin START] Reloading Section: "reloadable-plugin/SlotAccessorRegistryImpl/FabricFluidAPISupportPlugin/" done in 54.98 μs
[18:12:20] [main/TRACE] [REI] [REIServerPlugin START] Reloading Section: "reloadable-plugin/SlotAccessorRegistryImpl/DefaultRuntimePlugin of DefaultRuntimePlugin [roughlyenoughitems]/"
[18:12:20] [main/TRACE] [REI] [REIServerPlugin START] Reloading Section: "reloadable-plugin/SlotAccessorRegistryImpl/DefaultRuntimePlugin of DefaultRuntimePlugin [roughlyenoughitems]/" done in 55.76 μs
[18:12:20] [main/TRACE] [REI] [REIServerPlugin START] Reloading Section: "reloadable-plugin/SlotAccessorRegistryImpl/" done in 644.9 μs
[18:12:20] [main/DEBUG] [REI] ========================================
[18:12:20] [main/DEBUG] [REI] REIServerPlugin ending main-reload for START.
[18:12:20] [main/DEBUG] [REI] ========================================
[18:12:20] [main/TRACE] [REI] [REIServerPlugin START] Reloading Section: "end-reload/"
[18:12:20] [main/TRACE] [REI] [REIServerPlugin START] Reloading Section: "end-reload/MenuInfoRegistryImpl/"
[18:12:20] [main/TRACE] [REI] [REIServerPlugin START] Reloading Section: "end-reload/MenuInfoRegistryImpl/" done in 47.06 μs
[18:12:20] [main/TRACE] [REI] [REIServerPlugin START] Reloading Section: "end-reload/SlotAccessorRegistryImpl/"
[18:12:20] [main/TRACE] [REI] [REIServerPlugin START] Reloading Section: "end-reload/SlotAccessorRegistryImpl/" done in 48.97 μs
[18:12:20] [main/TRACE] [REI] [REIServerPlugin START] Reloading Section: "end-reload/" done in 360.8 μs
[18:12:20] [main/DEBUG] [REI] ========================================
[18:12:20] [main/DEBUG] [REI] REIServerPlugin ended main-reload for START in 4.217 ms.
[18:12:20] [main/DEBUG] [REI] ========================================
[18:12:20] [main/DEBUG] [REI] ========================================
[18:12:20] [main/DEBUG] [REI] REIPlugin starting post-reload for START.
[18:12:20] [main/DEBUG] [REI] Reloadables (7):
[18:12:20] [main/DEBUG] [REI]  - EntryTypeRegistryImpl
[18:12:20] [main/DEBUG] [REI]  - EntrySettingsAdapterRegistryImpl
[18:12:20] [main/DEBUG] [REI]  - RecipeManagerContextImpl
[18:12:20] [main/DEBUG] [REI]  - ItemComparatorRegistryImpl
[18:12:20] [main/DEBUG] [REI]  - FluidComparatorRegistryImpl
[18:12:20] [main/DEBUG] [REI]  - DisplaySerializerRegistryImpl
[18:12:20] [main/DEBUG] [REI]  - FluidSupportProviderImpl
[18:12:20] [main/DEBUG] [REI] Plugins (3):
[18:12:20] [main/DEBUG] [REI]  - (-100.00) DefaultPlugin of DefaultPlugin [roughlyenoughitems]
[18:12:20] [main/DEBUG] [REI]  - (0.00) FabricFluidAPISupportPlugin
[18:12:20] [main/DEBUG] [REI]  - (0.00) DefaultRuntimePlugin of DefaultRuntimePlugin [roughlyenoughitems]
[18:12:20] [main/DEBUG] [REI] ========================================
[18:12:20] [main/TRACE] [REI] [REIPlugin START] Reloading Section: "post-register/"
[18:12:20] [main/TRACE] [REI] [REIPlugin START] Reloading Section: "post-register/DefaultPlugin of DefaultPlugin [roughlyenoughitems]/"
[18:12:20] [main/TRACE] [REI] [REIPlugin START] Reloading Section: "post-register/DefaultPlugin of DefaultPlugin [roughlyenoughitems]/" done in 254.6 μs
[18:12:20] [main/TRACE] [REI] [REIPlugin START] Reloading Section: "post-register/FabricFluidAPISupportPlugin/"
[18:12:20] [main/TRACE] [REI] [REIPlugin START] Reloading Section: "post-register/FabricFluidAPISupportPlugin/" done in 44.36 μs
[18:12:20] [main/TRACE] [REI] [REIPlugin START] Reloading Section: "post-register/DefaultRuntimePlugin of DefaultRuntimePlugin [roughlyenoughitems]/"
[18:12:20] [main/TRACE] [REI] [REIPlugin START] Reloading Section: "post-register/DefaultRuntimePlugin of DefaultRuntimePlugin [roughlyenoughitems]/" done in 42.27 μs
[18:12:20] [main/TRACE] [REI] [REIPlugin START] Reloading Section: "post-register/" done in 986.7 μs
[18:12:20] [main/TRACE] [REI] [REIPlugin START] Reloading Section: "post-stage/"
[18:12:20] [main/TRACE] [REI] [REIPlugin START] Reloading Section: "post-stage/EntryTypeRegistryImpl/"
[18:12:20] [main/TRACE] [REI] [REIPlugin START] Reloading Section: "post-stage/EntryTypeRegistryImpl/" done in 74.99 μs
[18:12:20] [main/TRACE] [REI] [REIPlugin START] Reloading Section: "post-stage/EntrySettingsAdapterRegistryImpl/"
[18:12:20] [main/TRACE] [REI] [REIPlugin START] Reloading Section: "post-stage/EntrySettingsAdapterRegistryImpl/" done in 46.26 μs
[18:12:20] [main/TRACE] [REI] [REIPlugin START] Reloading Section: "post-stage/RecipeManagerContextImpl/"
[18:12:20] [main/TRACE] [REI] [REIPlugin START] Reloading Section: "post-stage/RecipeManagerContextImpl/" done in 39.02 μs
[18:12:20] [main/TRACE] [REI] [REIPlugin START] Reloading Section: "post-stage/ItemComparatorRegistryImpl/"
[18:12:20] [main/TRACE] [REI] [REIPlugin START] Reloading Section: "post-stage/ItemComparatorRegistryImpl/" done in 39.21 μs
[18:12:20] [main/TRACE] [REI] [REIPlugin START] Reloading Section: "post-stage/FluidComparatorRegistryImpl/"
[18:12:20] [main/TRACE] [REI] [REIPlugin START] Reloading Section: "post-stage/FluidComparatorRegistryImpl/" done in 40.68 μs
[18:12:20] [main/TRACE] [REI] [REIPlugin START] Reloading Section: "post-stage/DisplaySerializerRegistryImpl/"
[18:12:20] [main/TRACE] [REI] [REIPlugin START] Reloading Section: "post-stage/DisplaySerializerRegistryImpl/" done in 44.47 μs
[18:12:20] [main/TRACE] [REI] [REIPlugin START] Reloading Section: "post-stage/FluidSupportProviderImpl/"
[18:12:20] [main/TRACE] [REI] [REIPlugin START] Reloading Section: "post-stage/FluidSupportProviderImpl/" done in 38.32 μs
[18:12:20] [main/TRACE] [REI] [REIPlugin START] Reloading Section: "post-stage/" done in 1.142 ms
[18:12:20] [main/DEBUG] [REI] ========================================
[18:12:20] [main/INFO] [REI] REIPlugin finished post-reload for START in 2.563 ms, totaling 39.47 ms.
[18:12:20] [main/DEBUG] [REI] ========================================
[18:12:20] [main/DEBUG] [REI] ========================================
[18:12:20] [main/DEBUG] [REI] REIServerPlugin starting post-reload for START.
[18:12:20] [main/DEBUG] [REI] Reloadables (2):
[18:12:20] [main/DEBUG] [REI]  - MenuInfoRegistryImpl
[18:12:20] [main/DEBUG] [REI]  - SlotAccessorRegistryImpl
[18:12:20] [main/DEBUG] [REI] Plugins (3):
[18:12:20] [main/DEBUG] [REI]  - (-100.00) DefaultPlugin of DefaultPlugin [roughlyenoughitems]
[18:12:20] [main/DEBUG] [REI]  - (0.00) FabricFluidAPISupportPlugin
[18:12:20] [main/DEBUG] [REI]  - (0.00) DefaultRuntimePlugin of DefaultRuntimePlugin [roughlyenoughitems]
[18:12:20] [main/DEBUG] [REI] ========================================
[18:12:20] [main/TRACE] [REI] [REIServerPlugin START] Reloading Section: "post-register/"
[18:12:20] [main/TRACE] [REI] [REIServerPlugin START] Reloading Section: "post-register/DefaultPlugin of DefaultPlugin [roughlyenoughitems]/"
[18:12:20] [main/TRACE] [REI] [REIServerPlugin START] Reloading Section: "post-register/DefaultPlugin of DefaultPlugin [roughlyenoughitems]/" done in 29.95 μs
[18:12:20] [main/TRACE] [REI] [REIServerPlugin START] Reloading Section: "post-register/FabricFluidAPISupportPlugin/"
[18:12:20] [main/TRACE] [REI] [REIServerPlugin START] Reloading Section: "post-register/FabricFluidAPISupportPlugin/" done in 34.42 μs
[18:12:20] [main/TRACE] [REI] [REIServerPlugin START] Reloading Section: "post-register/DefaultRuntimePlugin of DefaultRuntimePlugin [roughlyenoughitems]/"
[18:12:20] [main/TRACE] [REI] [REIServerPlugin START] Reloading Section: "post-register/DefaultRuntimePlugin of DefaultRuntimePlugin [roughlyenoughitems]/" done in 35.36 μs
[18:12:20] [main/TRACE] [REI] [REIServerPlugin START] Reloading Section: "post-register/" done in 387.9 μs
[18:12:20] [main/TRACE] [REI] [REIServerPlugin START] Reloading Section: "post-stage/"
[18:12:20] [main/TRACE] [REI] [REIServerPlugin START] Reloading Section: "post-stage/MenuInfoRegistryImpl/"
[18:12:20] [main/TRACE] [REI] [REIServerPlugin START] Reloading Section: "post-stage/MenuInfoRegistryImpl/" done in 25.52 μs
[18:12:20] [main/TRACE] [REI] [REIServerPlugin START] Reloading Section: "post-stage/SlotAccessorRegistryImpl/"
[18:12:20] [main/TRACE] [REI] [REIServerPlugin START] Reloading Section: "post-stage/SlotAccessorRegistryImpl/" done in 31.94 μs
[18:12:20] [main/TRACE] [REI] [REIServerPlugin START] Reloading Section: "post-stage/" done in 259.0 μs
[18:12:20] [main/DEBUG] [REI] ========================================
[18:12:20] [main/INFO] [REI] REIServerPlugin finished post-reload for START in 802.6 μs, totaling 6.670 ms.
[18:12:20] [main/DEBUG] [REI] ========================================
[18:12:20] [main/DEBUG] [REI] ========================================
[18:12:20] [main/DEBUG] [REI] REIPlugin starting pre-reload for END.
[18:12:20] [main/DEBUG] [REI] Reloadables (7):
[18:12:20] [main/DEBUG] [REI]  - EntryTypeRegistryImpl
[18:12:20] [main/DEBUG] [REI]  - EntrySettingsAdapterRegistryImpl
[18:12:20] [main/DEBUG] [REI]  - RecipeManagerContextImpl
[18:12:20] [main/DEBUG] [REI]  - ItemComparatorRegistryImpl
[18:12:20] [main/DEBUG] [REI]  - FluidComparatorRegistryImpl
[18:12:20] [main/DEBUG] [REI]  - DisplaySerializerRegistryImpl
[18:12:20] [main/DEBUG] [REI]  - FluidSupportProviderImpl
[18:12:20] [main/DEBUG] [REI] Plugins (3):
[18:12:20] [main/DEBUG] [REI]  - (-100.00) DefaultPlugin of DefaultPlugin [roughlyenoughitems]
[18:12:20] [main/DEBUG] [REI]  - (0.00) FabricFluidAPISupportPlugin
[18:12:20] [main/DEBUG] [REI]  - (0.00) DefaultRuntimePlugin of DefaultRuntimePlugin [roughlyenoughitems]
[18:12:20] [main/DEBUG] [REI] ========================================
[18:12:20] [main/TRACE] [REI] [REIPlugin END] Reloading Section: "pre-register/"
[18:12:20] [main/TRACE] [REI] [REIPlugin END] Reloading Section: "pre-register/DefaultPlugin of DefaultPlugin [roughlyenoughitems]/"
[18:12:20] [main/TRACE] [REI] [REIPlugin END] Reloading Section: "pre-register/DefaultPlugin of DefaultPlugin [roughlyenoughitems]/" done in 58.81 μs
[18:12:20] [main/TRACE] [REI] [REIPlugin END] Reloading Section: "pre-register/FabricFluidAPISupportPlugin/"
[18:12:20] [main/TRACE] [REI] [REIPlugin END] Reloading Section: "pre-register/FabricFluidAPISupportPlugin/" done in 38.22 μs
[18:12:20] [main/TRACE] [REI] [REIPlugin END] Reloading Section: "pre-register/DefaultRuntimePlugin of DefaultRuntimePlugin [roughlyenoughitems]/"
[18:12:20] [main/TRACE] [REI] [REIPlugin END] Reloading Section: "pre-register/DefaultRuntimePlugin of DefaultRuntimePlugin [roughlyenoughitems]/" done in 39.72 μs
[18:12:20] [main/TRACE] [REI] [REIPlugin END] Reloading Section: "pre-register/" done in 577.6 μs
[18:12:20] [main/TRACE] [REI] [REIPlugin END] Reloading Section: "pre-stage/"
[18:12:20] [main/TRACE] [REI] [REIPlugin END] Reloading Section: "pre-stage/EntryTypeRegistryImpl/"
[18:12:20] [main/TRACE] [REI] [REIPlugin END] Reloading Section: "pre-stage/EntryTypeRegistryImpl/" done in 34.89 μs
[18:12:20] [main/TRACE] [REI] [REIPlugin END] Reloading Section: "pre-stage/EntrySettingsAdapterRegistryImpl/"
[18:12:20] [main/TRACE] [REI] [REIPlugin END] Reloading Section: "pre-stage/EntrySettingsAdapterRegistryImpl/" done in 36.72 μs
[18:12:20] [main/TRACE] [REI] [REIPlugin END] Reloading Section: "pre-stage/RecipeManagerContextImpl/"
[18:12:20] [main/TRACE] [REI] [REIPlugin END] Reloading Section: "pre-stage/RecipeManagerContextImpl/" done in 34.77 μs
[18:12:20] [main/TRACE] [REI] [REIPlugin END] Reloading Section: "pre-stage/ItemComparatorRegistryImpl/"
[18:12:20] [main/TRACE] [REI] [REIPlugin END] Reloading Section: "pre-stage/ItemComparatorRegistryImpl/" done in 34.23 μs
[18:12:20] [main/TRACE] [REI] [REIPlugin END] Reloading Section: "pre-stage/FluidComparatorRegistryImpl/"
[18:12:20] [main/TRACE] [REI] [REIPlugin END] Reloading Section: "pre-stage/FluidComparatorRegistryImpl/" done in 30.58 μs
[18:12:20] [main/TRACE] [REI] [REIPlugin END] Reloading Section: "pre-stage/DisplaySerializerRegistryImpl/"
[18:12:20] [main/TRACE] [REI] [REIPlugin END] Reloading Section: "pre-stage/DisplaySerializerRegistryImpl/" done in 40.38 μs
[18:12:20] [main/TRACE] [REI] [REIPlugin END] Reloading Section: "pre-stage/FluidSupportProviderImpl/"
[18:12:20] [main/TRACE] [REI] [REIPlugin END] Reloading Section: "pre-stage/FluidSupportProviderImpl/" done in 30.27 μs
[18:12:20] [main/TRACE] [REI] [REIPlugin END] Reloading Section: "pre-stage/" done in 1.038 ms
[18:12:20] [main/DEBUG] [REI] ========================================
[18:12:20] [main/DEBUG] [REI] REIPlugin finished pre-reload for END in 1.781 ms.
[18:12:20] [main/DEBUG] [REI] ========================================
[18:12:20] [main/DEBUG] [REI] ========================================
[18:12:20] [main/DEBUG] [REI] REIServerPlugin starting pre-reload for END.
[18:12:20] [main/DEBUG] [REI] Reloadables (2):
[18:12:20] [main/DEBUG] [REI]  - MenuInfoRegistryImpl
[18:12:20] [main/DEBUG] [REI]  - SlotAccessorRegistryImpl
[18:12:20] [main/DEBUG] [REI] Plugins (3):
[18:12:20] [main/DEBUG] [REI]  - (-100.00) DefaultPlugin of DefaultPlugin [roughlyenoughitems]
[18:12:20] [main/DEBUG] [REI]  - (0.00) FabricFluidAPISupportPlugin
[18:12:20] [main/DEBUG] [REI]  - (0.00) DefaultRuntimePlugin of DefaultRuntimePlugin [roughlyenoughitems]
[18:12:20] [main/DEBUG] [REI] ========================================
[18:12:20] [main/TRACE] [REI] [REIServerPlugin END] Reloading Section: "pre-register/"
[18:12:20] [main/TRACE] [REI] [REIServerPlugin END] Reloading Section: "pre-register/DefaultPlugin of DefaultPlugin [roughlyenoughitems]/"
[18:12:20] [main/TRACE] [REI] [REIServerPlugin END] Reloading Section: "pre-register/DefaultPlugin of DefaultPlugin [roughlyenoughitems]/" done in 46.34 μs
[18:12:20] [main/TRACE] [REI] [REIServerPlugin END] Reloading Section: "pre-register/FabricFluidAPISupportPlugin/"
[18:12:20] [main/TRACE] [REI] [REIServerPlugin END] Reloading Section: "pre-register/FabricFluidAPISupportPlugin/" done in 41.12 μs
[18:12:20] [main/TRACE] [REI] [REIServerPlugin END] Reloading Section: "pre-register/DefaultRuntimePlugin of DefaultRuntimePlugin [roughlyenoughitems]/"
[18:12:20] [main/TRACE] [REI] [REIServerPlugin END] Reloading Section: "pre-register/DefaultRuntimePlugin of DefaultRuntimePlugin [roughlyenoughitems]/" done in 40.53 μs
[18:12:20] [main/TRACE] [REI] [REIServerPlugin END] Reloading Section: "pre-register/" done in 442.1 μs
[18:12:20] [main/TRACE] [REI] [REIServerPlugin END] Reloading Section: "pre-stage/"
[18:12:20] [main/TRACE] [REI] [REIServerPlugin END] Reloading Section: "pre-stage/MenuInfoRegistryImpl/"
[18:12:20] [main/TRACE] [REI] [REIServerPlugin END] Reloading Section: "pre-stage/MenuInfoRegistryImpl/" done in 30.51 μs
[18:12:20] [main/TRACE] [REI] [REIServerPlugin END] Reloading Section: "pre-stage/SlotAccessorRegistryImpl/"
[18:12:20] [main/TRACE] [REI] [REIServerPlugin END] Reloading Section: "pre-stage/SlotAccessorRegistryImpl/" done in 35.68 μs
[18:12:20] [main/TRACE] [REI] [REIServerPlugin END] Reloading Section: "pre-stage/" done in 273.0 μs
[18:12:20] [main/DEBUG] [REI] ========================================
[18:12:20] [main/DEBUG] [REI] REIServerPlugin finished pre-reload for END in 849.8 μs.
[18:12:20] [main/DEBUG] [REI] ========================================
[18:12:20] [main/INFO] [REI] ~~~~~~~~~~~~~~~~~~~~~~~~~~~~~~~~~~~~~~~~
[18:12:20] [main/INFO] [REI] REIPlugin starting main-reload for END.
[18:12:20] [main/DEBUG] [REI] Reloadables (7):
[18:12:20] [main/DEBUG] [REI]  - EntryTypeRegistryImpl
[18:12:20] [main/DEBUG] [REI]  - EntrySettingsAdapterRegistryImpl
[18:12:20] [main/DEBUG] [REI]  - RecipeManagerContextImpl
[18:12:20] [main/DEBUG] [REI]  - ItemComparatorRegistryImpl
[18:12:20] [main/DEBUG] [REI]  - FluidComparatorRegistryImpl
[18:12:20] [main/DEBUG] [REI]  - DisplaySerializerRegistryImpl
[18:12:20] [main/DEBUG] [REI]  - FluidSupportProviderImpl
[18:12:20] [main/INFO] [REI] Plugins (3):
[18:12:20] [main/INFO] [REI]  - (-100.00) DefaultPlugin of DefaultPlugin [roughlyenoughitems]
[18:12:20] [main/INFO] [REI]  - (0.00) FabricFluidAPISupportPlugin
[18:12:20] [main/INFO] [REI]  - (0.00) DefaultRuntimePlugin of DefaultRuntimePlugin [roughlyenoughitems]
[18:12:20] [main/INFO] [REI] ~~~~~~~~~~~~~~~~~~~~~~~~~~~~~~~~~~~~~~~~
[18:12:20] [main/TRACE] [REI] [REIPlugin END] Reloading Section: "start-reload/"
[18:12:20] [main/TRACE] [REI] [REIPlugin END] Reloading Section: "start-reload/EntryTypeRegistryImpl/"
[18:12:20] [main/TRACE] [REI] [REIPlugin END] Reloading Section: "start-reload/EntryTypeRegistryImpl/" done in 32.52 μs
[18:12:20] [main/TRACE] [REI] [REIPlugin END] Reloading Section: "start-reload/EntrySettingsAdapterRegistryImpl/"
[18:12:20] [main/TRACE] [REI] [REIPlugin END] Reloading Section: "start-reload/EntrySettingsAdapterRegistryImpl/" done in 39.54 μs
[18:12:20] [main/TRACE] [REI] [REIPlugin END] Reloading Section: "start-reload/RecipeManagerContextImpl/"
[18:12:20] [main/TRACE] [REI] [REIPlugin END] Reloading Section: "start-reload/RecipeManagerContextImpl/" done in 26.69 μs
[18:12:20] [main/TRACE] [REI] [REIPlugin END] Reloading Section: "start-reload/ItemComparatorRegistryImpl/"
[18:12:20] [main/TRACE] [REI] [REIPlugin END] Reloading Section: "start-reload/ItemComparatorRegistryImpl/" done in 24.80 μs
[18:12:20] [main/TRACE] [REI] [REIPlugin END] Reloading Section: "start-reload/FluidComparatorRegistryImpl/"
[18:12:20] [main/TRACE] [REI] [REIPlugin END] Reloading Section: "start-reload/FluidComparatorRegistryImpl/" done in 24.67 μs
[18:12:20] [main/TRACE] [REI] [REIPlugin END] Reloading Section: "start-reload/DisplaySerializerRegistryImpl/"
[18:12:20] [main/TRACE] [REI] [REIPlugin END] Reloading Section: "start-reload/DisplaySerializerRegistryImpl/" done in 40.20 μs
[18:12:20] [main/TRACE] [REI] [REIPlugin END] Reloading Section: "start-reload/FluidSupportProviderImpl/"
[18:12:20] [main/TRACE] [REI] [REIPlugin END] Reloading Section: "start-reload/FluidSupportProviderImpl/" done in 34.58 μs
[18:12:20] [main/TRACE] [REI] [REIPlugin END] Reloading Section: "start-reload/" done in 775.2 μs
[18:12:20] [main/DEBUG] [REI] ========================================
[18:12:20] [main/DEBUG] [REI] REIPlugin started main-reload for END.
[18:12:20] [main/DEBUG] [REI] ========================================
[18:12:20] [main/TRACE] [REI] [REIPlugin END] Reloading Section: "reloadable-plugin/EntryTypeRegistryImpl/"
[18:12:20] [main/TRACE] [REI] [REIPlugin END] Reloading Section: "reloadable-plugin/EntryTypeRegistryImpl/DefaultPlugin of DefaultPlugin [roughlyenoughitems]/"
[18:12:20] [main/TRACE] [REI] [REIPlugin END] Reloading Section: "reloadable-plugin/EntryTypeRegistryImpl/DefaultPlugin of DefaultPlugin [roughlyenoughitems]/" done in 67.48 μs
[18:12:20] [main/TRACE] [REI] [REIPlugin END] Reloading Section: "reloadable-plugin/EntryTypeRegistryImpl/FabricFluidAPISupportPlugin/"
[18:12:20] [main/TRACE] [REI] [REIPlugin END] Reloading Section: "reloadable-plugin/EntryTypeRegistryImpl/FabricFluidAPISupportPlugin/" done in 39.15 μs
[18:12:20] [main/TRACE] [REI] [REIPlugin END] Reloading Section: "reloadable-plugin/EntryTypeRegistryImpl/DefaultRuntimePlugin of DefaultRuntimePlugin [roughlyenoughitems]/"
[18:12:20] [main/TRACE] [REI] [REIPlugin END] Reloading Section: "reloadable-plugin/EntryTypeRegistryImpl/DefaultRuntimePlugin of DefaultRuntimePlugin [roughlyenoughitems]/" done in 39.15 μs
[18:12:20] [main/TRACE] [REI] [REIPlugin END] Reloading Section: "reloadable-plugin/EntryTypeRegistryImpl/" done in 436.3 μs
[18:12:20] [main/TRACE] [REI] [REIPlugin END] Reloading Section: "reloadable-plugin/EntrySettingsAdapterRegistryImpl/"
[18:12:20] [main/TRACE] [REI] [REIPlugin END] Reloading Section: "reloadable-plugin/EntrySettingsAdapterRegistryImpl/DefaultPlugin of DefaultPlugin [roughlyenoughitems]/"
[18:12:20] [main/TRACE] [REI] [REIPlugin END] Reloading Section: "reloadable-plugin/EntrySettingsAdapterRegistryImpl/DefaultPlugin of DefaultPlugin [roughlyenoughitems]/" done in 49.66 μs
[18:12:20] [main/TRACE] [REI] [REIPlugin END] Reloading Section: "reloadable-plugin/EntrySettingsAdapterRegistryImpl/FabricFluidAPISupportPlugin/"
[18:12:20] [main/TRACE] [REI] [REIPlugin END] Reloading Section: "reloadable-plugin/EntrySettingsAdapterRegistryImpl/FabricFluidAPISupportPlugin/" done in 42.17 μs
[18:12:20] [main/TRACE] [REI] [REIPlugin END] Reloading Section: "reloadable-plugin/EntrySettingsAdapterRegistryImpl/DefaultRuntimePlugin of DefaultRuntimePlugin [roughlyenoughitems]/"
[18:12:20] [main/TRACE] [REI] [REIPlugin END] Reloading Section: "reloadable-plugin/EntrySettingsAdapterRegistryImpl/DefaultRuntimePlugin of DefaultRuntimePlugin [roughlyenoughitems]/" done in 39.61 μs
[18:12:20] [main/TRACE] [REI] [REIPlugin END] Reloading Section: "reloadable-plugin/EntrySettingsAdapterRegistryImpl/" done in 422.6 μs
[18:12:20] [main/TRACE] [REI] [REIPlugin END] Reloading Section: "reloadable-plugin/RecipeManagerContextImpl/"
[18:12:20] [main/TRACE] [REI] [REIPlugin END] Reloading Section: "reloadable-plugin/RecipeManagerContextImpl/DefaultPlugin of DefaultPlugin [roughlyenoughitems]/"
[18:12:20] [main/TRACE] [REI] [REIPlugin END] Reloading Section: "reloadable-plugin/RecipeManagerContextImpl/DefaultPlugin of DefaultPlugin [roughlyenoughitems]/" done in 1.360 ms
[18:12:20] [main/TRACE] [REI] [REIPlugin END] Reloading Section: "reloadable-plugin/RecipeManagerContextImpl/FabricFluidAPISupportPlugin/"
[18:12:20] [main/TRACE] [REI] [REIPlugin END] Reloading Section: "reloadable-plugin/RecipeManagerContextImpl/FabricFluidAPISupportPlugin/" done in 45.82 μs
[18:12:20] [main/TRACE] [REI] [REIPlugin END] Reloading Section: "reloadable-plugin/RecipeManagerContextImpl/DefaultRuntimePlugin of DefaultRuntimePlugin [roughlyenoughitems]/"
[18:12:20] [main/TRACE] [REI] [REIPlugin END] Reloading Section: "reloadable-plugin/RecipeManagerContextImpl/DefaultRuntimePlugin of DefaultRuntimePlugin [roughlyenoughitems]/" done in 42.88 μs
[18:12:20] [main/TRACE] [REI] [REIPlugin END] Reloading Section: "reloadable-plugin/RecipeManagerContextImpl/" done in 1.828 ms
[18:12:20] [main/TRACE] [REI] [REIPlugin END] Reloading Section: "reloadable-plugin/ItemComparatorRegistryImpl/"
[18:12:20] [main/TRACE] [REI] [REIPlugin END] Reloading Section: "reloadable-plugin/ItemComparatorRegistryImpl/DefaultPlugin of DefaultPlugin [roughlyenoughitems]/"
[18:12:20] [main/TRACE] [REI] [REIPlugin END] Reloading Section: "reloadable-plugin/ItemComparatorRegistryImpl/DefaultPlugin of DefaultPlugin [roughlyenoughitems]/" done in 34.09 μs
[18:12:20] [main/TRACE] [REI] [REIPlugin END] Reloading Section: "reloadable-plugin/ItemComparatorRegistryImpl/FabricFluidAPISupportPlugin/"
[18:12:20] [main/TRACE] [REI] [REIPlugin END] Reloading Section: "reloadable-plugin/ItemComparatorRegistryImpl/FabricFluidAPISupportPlugin/" done in 51.28 μs
[18:12:20] [main/TRACE] [REI] [REIPlugin END] Reloading Section: "reloadable-plugin/ItemComparatorRegistryImpl/DefaultRuntimePlugin of DefaultRuntimePlugin [roughlyenoughitems]/"
[18:12:20] [main/TRACE] [REI] [REIPlugin END] Reloading Section: "reloadable-plugin/ItemComparatorRegistryImpl/DefaultRuntimePlugin of DefaultRuntimePlugin [roughlyenoughitems]/" done in 33.24 μs
[18:12:20] [main/TRACE] [REI] [REIPlugin END] Reloading Section: "reloadable-plugin/ItemComparatorRegistryImpl/" done in 384.2 μs
[18:12:20] [main/TRACE] [REI] [REIPlugin END] Reloading Section: "reloadable-plugin/FluidComparatorRegistryImpl/"
[18:12:20] [main/TRACE] [REI] [REIPlugin END] Reloading Section: "reloadable-plugin/FluidComparatorRegistryImpl/DefaultPlugin of DefaultPlugin [roughlyenoughitems]/"
[18:12:20] [main/TRACE] [REI] [REIPlugin END] Reloading Section: "reloadable-plugin/FluidComparatorRegistryImpl/DefaultPlugin of DefaultPlugin [roughlyenoughitems]/" done in 30.68 μs
[18:12:20] [main/TRACE] [REI] [REIPlugin END] Reloading Section: "reloadable-plugin/FluidComparatorRegistryImpl/FabricFluidAPISupportPlugin/"
[18:12:20] [main/TRACE] [REI] [REIPlugin END] Reloading Section: "reloadable-plugin/FluidComparatorRegistryImpl/FabricFluidAPISupportPlugin/" done in 33.36 μs
[18:12:20] [main/TRACE] [REI] [REIPlugin END] Reloading Section: "reloadable-plugin/FluidComparatorRegistryImpl/DefaultRuntimePlugin of DefaultRuntimePlugin [roughlyenoughitems]/"
[18:12:20] [main/TRACE] [REI] [REIPlugin END] Reloading Section: "reloadable-plugin/FluidComparatorRegistryImpl/DefaultRuntimePlugin of DefaultRuntimePlugin [roughlyenoughitems]/" done in 30.39 μs
[18:12:20] [main/TRACE] [REI] [REIPlugin END] Reloading Section: "reloadable-plugin/FluidComparatorRegistryImpl/" done in 364.1 μs
[18:12:20] [main/TRACE] [REI] [REIPlugin END] Reloading Section: "reloadable-plugin/DisplaySerializerRegistryImpl/"
[18:12:20] [main/TRACE] [REI] [REIPlugin END] Reloading Section: "reloadable-plugin/DisplaySerializerRegistryImpl/DefaultPlugin of DefaultPlugin [roughlyenoughitems]/"
[18:12:20] [main/TRACE] [REI] [REIPlugin END] Reloading Section: "reloadable-plugin/DisplaySerializerRegistryImpl/DefaultPlugin of DefaultPlugin [roughlyenoughitems]/" done in 22.02 ms
[18:12:20] [main/TRACE] [REI] [REIPlugin END] Reloading Section: "reloadable-plugin/DisplaySerializerRegistryImpl/FabricFluidAPISupportPlugin/"
[18:12:20] [main/TRACE] [REI] [REIPlugin END] Reloading Section: "reloadable-plugin/DisplaySerializerRegistryImpl/FabricFluidAPISupportPlugin/" done in 90.26 μs
[18:12:20] [main/TRACE] [REI] [REIPlugin END] Reloading Section: "reloadable-plugin/DisplaySerializerRegistryImpl/DefaultRuntimePlugin of DefaultRuntimePlugin [roughlyenoughitems]/"
[18:12:20] [main/TRACE] [REI] [REIPlugin END] Reloading Section: "reloadable-plugin/DisplaySerializerRegistryImpl/DefaultRuntimePlugin of DefaultRuntimePlugin [roughlyenoughitems]/" done in 38.77 μs
[18:12:20] [main/TRACE] [REI] [REIPlugin END] Reloading Section: "reloadable-plugin/DisplaySerializerRegistryImpl/" done in 22.87 ms
[18:12:20] [main/TRACE] [REI] [REIPlugin END] Reloading Section: "reloadable-plugin/FluidSupportProviderImpl/"
[18:12:20] [main/TRACE] [REI] [REIPlugin END] Reloading Section: "reloadable-plugin/FluidSupportProviderImpl/DefaultPlugin of DefaultPlugin [roughlyenoughitems]/"
[18:12:20] [main/TRACE] [REI] [REIPlugin END] Reloading Section: "reloadable-plugin/FluidSupportProviderImpl/DefaultPlugin of DefaultPlugin [roughlyenoughitems]/" done in 36.30 μs
[18:12:20] [main/TRACE] [REI] [REIPlugin END] Reloading Section: "reloadable-plugin/FluidSupportProviderImpl/FabricFluidAPISupportPlugin/"
[18:12:20] [main/TRACE] [REI] [REIPlugin END] Reloading Section: "reloadable-plugin/FluidSupportProviderImpl/FabricFluidAPISupportPlugin/" done in 39.04 μs
[18:12:20] [main/TRACE] [REI] [REIPlugin END] Reloading Section: "reloadable-plugin/FluidSupportProviderImpl/DefaultRuntimePlugin of DefaultRuntimePlugin [roughlyenoughitems]/"
[18:12:20] [main/TRACE] [REI] [REIPlugin END] Reloading Section: "reloadable-plugin/FluidSupportProviderImpl/DefaultRuntimePlugin of DefaultRuntimePlugin [roughlyenoughitems]/" done in 40.02 μs
[18:12:20] [main/TRACE] [REI] [REIPlugin END] Reloading Section: "reloadable-plugin/FluidSupportProviderImpl/" done in 458.8 μs
[18:12:20] [main/DEBUG] [REI] ========================================
[18:12:20] [main/DEBUG] [REI] REIPlugin ending main-reload for END.
[18:12:20] [main/DEBUG] [REI] ========================================
[18:12:20] [main/TRACE] [REI] [REIPlugin END] Reloading Section: "end-reload/"
[18:12:20] [main/TRACE] [REI] [REIPlugin END] Reloading Section: "end-reload/EntryTypeRegistryImpl/"
[18:12:20] [main/TRACE] [REI] [REIPlugin END] Reloading Section: "end-reload/EntryTypeRegistryImpl/" done in 29.04 μs
[18:12:20] [main/TRACE] [REI] [REIPlugin END] Reloading Section: "end-reload/EntrySettingsAdapterRegistryImpl/"
[18:12:20] [main/TRACE] [REI] [REIPlugin END] Reloading Section: "end-reload/EntrySettingsAdapterRegistryImpl/" done in 31.75 μs
[18:12:20] [main/TRACE] [REI] [REIPlugin END] Reloading Section: "end-reload/RecipeManagerContextImpl/"
[18:12:20] [main/TRACE] [REI] [REIPlugin END] Reloading Section: "end-reload/RecipeManagerContextImpl/" done in 32.84 μs
[18:12:20] [main/TRACE] [REI] [REIPlugin END] Reloading Section: "end-reload/ItemComparatorRegistryImpl/"
[18:12:20] [main/TRACE] [REI] [REIPlugin END] Reloading Section: "end-reload/ItemComparatorRegistryImpl/" done in 32.51 μs
[18:12:20] [main/TRACE] [REI] [REIPlugin END] Reloading Section: "end-reload/FluidComparatorRegistryImpl/"
[18:12:20] [main/TRACE] [REI] [REIPlugin END] Reloading Section: "end-reload/FluidComparatorRegistryImpl/" done in 31.42 μs
[18:12:20] [main/TRACE] [REI] [REIPlugin END] Reloading Section: "end-reload/DisplaySerializerRegistryImpl/"
[18:12:20] [main/TRACE] [REI] [REIPlugin END] Reloading Section: "end-reload/DisplaySerializerRegistryImpl/" done in 33.10 μs
[18:12:20] [main/TRACE] [REI] [REIPlugin END] Reloading Section: "end-reload/FluidSupportProviderImpl/"
[18:12:20] [main/TRACE] [REI] [REIPlugin END] Reloading Section: "end-reload/FluidSupportProviderImpl/" done in 32.77 μs
[18:12:20] [main/TRACE] [REI] [REIPlugin END] Reloading Section: "end-reload/" done in 777.5 μs
[18:12:20] [main/DEBUG] [REI] ========================================
[18:12:20] [main/DEBUG] [REI] REIPlugin ended main-reload for END in 30.73 ms.
[18:12:20] [main/DEBUG] [REI] ========================================
[18:12:20] [main/INFO] [REI] ****************************************
[18:12:20] [main/INFO] [REI] REIServerPlugin starting main-reload for END.
[18:12:20] [main/DEBUG] [REI] Reloadables (2):
[18:12:20] [main/DEBUG] [REI]  - MenuInfoRegistryImpl
[18:12:20] [main/DEBUG] [REI]  - SlotAccessorRegistryImpl
[18:12:20] [main/INFO] [REI] Plugins (3):
[18:12:20] [main/INFO] [REI]  - (-100.00) DefaultPlugin of DefaultPlugin [roughlyenoughitems]
[18:12:20] [main/INFO] [REI]  - (0.00) FabricFluidAPISupportPlugin
[18:12:20] [main/INFO] [REI]  - (0.00) DefaultRuntimePlugin of DefaultRuntimePlugin [roughlyenoughitems]
[18:12:20] [main/INFO] [REI] ****************************************
[18:12:20] [main/TRACE] [REI] [REIServerPlugin END] Reloading Section: "start-reload/"
[18:12:20] [main/TRACE] [REI] [REIServerPlugin END] Reloading Section: "start-reload/MenuInfoRegistryImpl/"
[18:12:20] [main/TRACE] [REI] [REIServerPlugin END] Reloading Section: "start-reload/MenuInfoRegistryImpl/" done in 49.96 μs
[18:12:20] [main/TRACE] [REI] [REIServerPlugin END] Reloading Section: "start-reload/SlotAccessorRegistryImpl/"
[18:12:20] [main/TRACE] [REI] [REIServerPlugin END] Reloading Section: "start-reload/SlotAccessorRegistryImpl/" done in 50.34 μs
[18:12:20] [main/TRACE] [REI] [REIServerPlugin END] Reloading Section: "start-reload/" done in 370.6 μs
[18:12:20] [main/DEBUG] [REI] ========================================
[18:12:20] [main/DEBUG] [REI] REIServerPlugin started main-reload for END.
[18:12:20] [main/DEBUG] [REI] ========================================
[18:12:20] [main/TRACE] [REI] [REIServerPlugin END] Reloading Section: "reloadable-plugin/MenuInfoRegistryImpl/"
[18:12:20] [main/TRACE] [REI] [REIServerPlugin END] Reloading Section: "reloadable-plugin/MenuInfoRegistryImpl/DefaultPlugin of DefaultPlugin [roughlyenoughitems]/"
[18:12:20] [main/TRACE] [REI] [REIServerPlugin END] Reloading Section: "reloadable-plugin/MenuInfoRegistryImpl/DefaultPlugin of DefaultPlugin [roughlyenoughitems]/" done in 60.22 μs
[18:12:20] [main/TRACE] [REI] [REIServerPlugin END] Reloading Section: "reloadable-plugin/MenuInfoRegistryImpl/FabricFluidAPISupportPlugin/"
[18:12:20] [main/TRACE] [REI] [REIServerPlugin END] Reloading Section: "reloadable-plugin/MenuInfoRegistryImpl/FabricFluidAPISupportPlugin/" done in 39.39 μs
[18:12:20] [main/TRACE] [REI] [REIServerPlugin END] Reloading Section: "reloadable-plugin/MenuInfoRegistryImpl/DefaultRuntimePlugin of DefaultRuntimePlugin [roughlyenoughitems]/"
[18:12:21] [main/TRACE] [REI] [REIServerPlugin END] Reloading Section: "reloadable-plugin/MenuInfoRegistryImpl/DefaultRuntimePlugin of DefaultRuntimePlugin [roughlyenoughitems]/" done in 47.17 μs
[18:12:21] [main/TRACE] [REI] [REIServerPlugin END] Reloading Section: "reloadable-plugin/MenuInfoRegistryImpl/" done in 500.1 μs
[18:12:21] [main/TRACE] [REI] [REIServerPlugin END] Reloading Section: "reloadable-plugin/SlotAccessorRegistryImpl/"
[18:12:21] [main/TRACE] [REI] [REIServerPlugin END] Reloading Section: "reloadable-plugin/SlotAccessorRegistryImpl/DefaultPlugin of DefaultPlugin [roughlyenoughitems]/"
[18:12:21] [main/TRACE] [REI] [REIServerPlugin END] Reloading Section: "reloadable-plugin/SlotAccessorRegistryImpl/DefaultPlugin of DefaultPlugin [roughlyenoughitems]/" done in 50.65 μs
[18:12:21] [main/TRACE] [REI] [REIServerPlugin END] Reloading Section: "reloadable-plugin/SlotAccessorRegistryImpl/FabricFluidAPISupportPlugin/"
[18:12:21] [main/TRACE] [REI] [REIServerPlugin END] Reloading Section: "reloadable-plugin/SlotAccessorRegistryImpl/FabricFluidAPISupportPlugin/" done in 43.58 μs
[18:12:21] [main/TRACE] [REI] [REIServerPlugin END] Reloading Section: "reloadable-plugin/SlotAccessorRegistryImpl/DefaultRuntimePlugin of DefaultRuntimePlugin [roughlyenoughitems]/"
[18:12:21] [main/DEBUG] [REI] Added slot accessor serializer: me.shedaniel.rei.plugin.common.runtime.DefaultRuntimePlugin$1@467cfaa [roughlyenoughitems:vanilla]
[18:12:21] [main/DEBUG] [REI] Added slot accessor serializer: me.shedaniel.rei.plugin.common.runtime.DefaultRuntimePlugin$2@6bcc987e [roughlyenoughitems:player]
[18:12:21] [main/TRACE] [REI] [REIServerPlugin END] Reloading Section: "reloadable-plugin/SlotAccessorRegistryImpl/DefaultRuntimePlugin of DefaultRuntimePlugin [roughlyenoughitems]/" done in 2.453 ms
[18:12:21] [main/TRACE] [REI] [REIServerPlugin END] Reloading Section: "reloadable-plugin/SlotAccessorRegistryImpl/" done in 3.048 ms
[18:12:21] [main/DEBUG] [REI] ========================================
[18:12:21] [main/DEBUG] [REI] REIServerPlugin ending main-reload for END.
[18:12:21] [main/DEBUG] [REI] ========================================
[18:12:21] [main/TRACE] [REI] [REIServerPlugin END] Reloading Section: "end-reload/"
[18:12:21] [main/TRACE] [REI] [REIServerPlugin END] Reloading Section: "end-reload/MenuInfoRegistryImpl/"
[18:12:21] [main/DEBUG] [REI] Registered 0 menu infos
[18:12:21] [main/TRACE] [REI] [REIServerPlugin END] Reloading Section: "end-reload/MenuInfoRegistryImpl/" done in 115.5 μs
[18:12:21] [main/TRACE] [REI] [REIServerPlugin END] Reloading Section: "end-reload/SlotAccessorRegistryImpl/"
[18:12:21] [main/DEBUG] [REI] Registered 2 slot accessor serializers
[18:12:21] [main/TRACE] [REI] [REIServerPlugin END] Reloading Section: "end-reload/SlotAccessorRegistryImpl/" done in 91.79 μs
[18:12:21] [main/TRACE] [REI] [REIServerPlugin END] Reloading Section: "end-reload/" done in 426.2 μs
[18:12:21] [main/DEBUG] [REI] ========================================
[18:12:21] [main/DEBUG] [REI] REIServerPlugin ended main-reload for END in 6.851 ms.
[18:12:21] [main/DEBUG] [REI] ========================================
[18:12:21] [main/DEBUG] [REI] ========================================
[18:12:21] [main/DEBUG] [REI] REIPlugin starting post-reload for END.
[18:12:21] [main/DEBUG] [REI] Reloadables (7):
[18:12:21] [main/DEBUG] [REI]  - EntryTypeRegistryImpl
[18:12:21] [main/DEBUG] [REI]  - EntrySettingsAdapterRegistryImpl
[18:12:21] [main/DEBUG] [REI]  - RecipeManagerContextImpl
[18:12:21] [main/DEBUG] [REI]  - ItemComparatorRegistryImpl
[18:12:21] [main/DEBUG] [REI]  - FluidComparatorRegistryImpl
[18:12:21] [main/DEBUG] [REI]  - DisplaySerializerRegistryImpl
[18:12:21] [main/DEBUG] [REI]  - FluidSupportProviderImpl
[18:12:21] [main/DEBUG] [REI] Plugins (3):
[18:12:21] [main/DEBUG] [REI]  - (-100.00) DefaultPlugin of DefaultPlugin [roughlyenoughitems]
[18:12:21] [main/DEBUG] [REI]  - (0.00) FabricFluidAPISupportPlugin
[18:12:21] [main/DEBUG] [REI]  - (0.00) DefaultRuntimePlugin of DefaultRuntimePlugin [roughlyenoughitems]
[18:12:21] [main/DEBUG] [REI] ========================================
[18:12:21] [main/TRACE] [REI] [REIPlugin END] Reloading Section: "post-register/"
[18:12:21] [main/TRACE] [REI] [REIPlugin END] Reloading Section: "post-register/DefaultPlugin of DefaultPlugin [roughlyenoughitems]/"
[18:12:21] [main/TRACE] [REI] [REIPlugin END] Reloading Section: "post-register/DefaultPlugin of DefaultPlugin [roughlyenoughitems]/" done in 32.15 μs
[18:12:21] [main/TRACE] [REI] [REIPlugin END] Reloading Section: "post-register/FabricFluidAPISupportPlugin/"
[18:12:21] [main/TRACE] [REI] [REIPlugin END] Reloading Section: "post-register/FabricFluidAPISupportPlugin/" done in 30.05 μs
[18:12:21] [main/TRACE] [REI] [REIPlugin END] Reloading Section: "post-register/DefaultRuntimePlugin of DefaultRuntimePlugin [roughlyenoughitems]/"
[18:12:21] [main/TRACE] [REI] [REIPlugin END] Reloading Section: "post-register/DefaultRuntimePlugin of DefaultRuntimePlugin [roughlyenoughitems]/" done in 30.62 μs
[18:12:21] [main/TRACE] [REI] [REIPlugin END] Reloading Section: "post-register/" done in 379.6 μs
[18:12:21] [main/TRACE] [REI] [REIPlugin END] Reloading Section: "post-stage/"
[18:12:21] [main/TRACE] [REI] [REIPlugin END] Reloading Section: "post-stage/EntryTypeRegistryImpl/"
[18:12:21] [main/TRACE] [REI] [REIPlugin END] Reloading Section: "post-stage/EntryTypeRegistryImpl/" done in 22.73 μs
[18:12:21] [main/TRACE] [REI] [REIPlugin END] Reloading Section: "post-stage/EntrySettingsAdapterRegistryImpl/"
[18:12:21] [main/TRACE] [REI] [REIPlugin END] Reloading Section: "post-stage/EntrySettingsAdapterRegistryImpl/" done in 33.18 μs
[18:12:21] [main/TRACE] [REI] [REIPlugin END] Reloading Section: "post-stage/RecipeManagerContextImpl/"
[18:12:21] [main/TRACE] [REI] [REIPlugin END] Reloading Section: "post-stage/RecipeManagerContextImpl/" done in 21.70 μs
[18:12:21] [main/TRACE] [REI] [REIPlugin END] Reloading Section: "post-stage/ItemComparatorRegistryImpl/"
[18:12:21] [main/TRACE] [REI] [REIPlugin END] Reloading Section: "post-stage/ItemComparatorRegistryImpl/" done in 26.86 μs
[18:12:21] [main/TRACE] [REI] [REIPlugin END] Reloading Section: "post-stage/FluidComparatorRegistryImpl/"
[18:12:21] [main/TRACE] [REI] [REIPlugin END] Reloading Section: "post-stage/FluidComparatorRegistryImpl/" done in 19.52 μs
[18:12:21] [main/TRACE] [REI] [REIPlugin END] Reloading Section: "post-stage/DisplaySerializerRegistryImpl/"
[18:12:21] [main/TRACE] [REI] [REIPlugin END] Reloading Section: "post-stage/DisplaySerializerRegistryImpl/" done in 18.80 μs
[18:12:21] [main/TRACE] [REI] [REIPlugin END] Reloading Section: "post-stage/FluidSupportProviderImpl/"
[18:12:21] [main/TRACE] [REI] [REIPlugin END] Reloading Section: "post-stage/FluidSupportProviderImpl/" done in 24.09 μs
[18:12:21] [main/TRACE] [REI] [REIPlugin END] Reloading Section: "post-stage/" done in 622.3 μs
[18:12:21] [main/DEBUG] [REI] ========================================
[18:12:21] [main/INFO] [REI] REIPlugin finished post-reload for END in 1.140 ms, totaling 33.63 ms.
[18:12:21] [main/DEBUG] [REI] ========================================
[18:12:21] [main/DEBUG] [REI] ========================================
[18:12:21] [main/DEBUG] [REI] REIServerPlugin starting post-reload for END.
[18:12:21] [main/DEBUG] [REI] Reloadables (2):
[18:12:21] [main/DEBUG] [REI]  - MenuInfoRegistryImpl
[18:12:21] [main/DEBUG] [REI]  - SlotAccessorRegistryImpl
[18:12:21] [main/DEBUG] [REI] Plugins (3):
[18:12:21] [main/DEBUG] [REI]  - (-100.00) DefaultPlugin of DefaultPlugin [roughlyenoughitems]
[18:12:21] [main/DEBUG] [REI]  - (0.00) FabricFluidAPISupportPlugin
[18:12:21] [main/DEBUG] [REI]  - (0.00) DefaultRuntimePlugin of DefaultRuntimePlugin [roughlyenoughitems]
[18:12:21] [main/DEBUG] [REI] ========================================
[18:12:21] [main/TRACE] [REI] [REIServerPlugin END] Reloading Section: "post-register/"
[18:12:21] [main/TRACE] [REI] [REIServerPlugin END] Reloading Section: "post-register/DefaultPlugin of DefaultPlugin [roughlyenoughitems]/"
[18:12:21] [main/TRACE] [REI] [REIServerPlugin END] Reloading Section: "post-register/DefaultPlugin of DefaultPlugin [roughlyenoughitems]/" done in 32.03 μs
[18:12:21] [main/TRACE] [REI] [REIServerPlugin END] Reloading Section: "post-register/FabricFluidAPISupportPlugin/"
[18:12:21] [main/TRACE] [REI] [REIServerPlugin END] Reloading Section: "post-register/FabricFluidAPISupportPlugin/" done in 38.02 μs
[18:12:21] [main/TRACE] [REI] [REIServerPlugin END] Reloading Section: "post-register/DefaultRuntimePlugin of DefaultRuntimePlugin [roughlyenoughitems]/"
[18:12:21] [main/TRACE] [REI] [REIServerPlugin END] Reloading Section: "post-register/DefaultRuntimePlugin of DefaultRuntimePlugin [roughlyenoughitems]/" done in 61.32 μs
[18:12:21] [main/TRACE] [REI] [REIServerPlugin END] Reloading Section: "post-register/" done in 418.1 μs
[18:12:21] [main/TRACE] [REI] [REIServerPlugin END] Reloading Section: "post-stage/"
[18:12:21] [main/TRACE] [REI] [REIServerPlugin END] Reloading Section: "post-stage/MenuInfoRegistryImpl/"
[18:12:21] [main/TRACE] [REI] [REIServerPlugin END] Reloading Section: "post-stage/MenuInfoRegistryImpl/" done in 34.71 μs
[18:12:21] [main/TRACE] [REI] [REIServerPlugin END] Reloading Section: "post-stage/SlotAccessorRegistryImpl/"
[18:12:21] [main/TRACE] [REI] [REIServerPlugin END] Reloading Section: "post-stage/SlotAccessorRegistryImpl/" done in 31.76 μs
[18:12:21] [main/TRACE] [REI] [REIServerPlugin END] Reloading Section: "post-stage/" done in 270.2 μs
[18:12:21] [main/DEBUG] [REI] ========================================
[18:12:21] [main/INFO] [REI] REIServerPlugin finished post-reload for END in 845.2 μs, totaling 8.525 ms.
[18:12:21] [main/DEBUG] [REI] ========================================
